Build started 13-12-2015 06:19:00.
     1>Project "G:\GitHub_Repositories\ASIO-Windows-App\ASIO_APP\ASIO_APP.vcxproj" on node 2 (Build target(s)).
     1>ClCompile:
         C:\Program Files (x86)\Microsoft Visual Studio 14.0\VC\bin\CL.exe /c /IC:\asiosdk2.3\host\pc /IC:\asiosdk2.3\host /IC:\asiosdk2.3\common /ZI /nologo /W3 /WX- /sdl /Od /Oy- /D WIN32 /D _DEBUG /D _WINDOWS /D _MBCS /D _MBCS /D _CRT_SECURE_NO_DEPRECATE /D _MBCS /Gm /EHsc /RTC1 /MTd /GS /fp:precise /Zc:wchar_t /Zc:forScope /Zc:inline /Fo"Debug\\" /Fd"Debug\vc140.pdb" /Gd /TP /analyze- /errorReport:prompt ..\hostsample_basic.cpp C:\asiosdk2.3\common\asio.cpp C:\asiosdk2.3\host\asiodrivers.cpp C:\asiosdk2.3\host\pc\asiolist.cpp
         asiolist.cpp
         asiodrivers.cpp
         asio.cpp
         hostsample_basic.cpp
     1>g:\github_repositories\asio-windows-app\hostsample_basic.cpp(187): warning C4838: conversion from 'double' to 'LONG' requires a narrowing conversion
     1>g:\github_repositories\asio-windows-app\hostsample_basic.cpp(187): warning C4244: 'initializing': conversion from 'double' to 'LONG', possible loss of data
     1>g:\github_repositories\asio-windows-app\hostsample_basic.cpp(303): warning C4838: conversion from 'double' to 'LONG' requires a narrowing conversion
     1>g:\github_repositories\asio-windows-app\hostsample_basic.cpp(303): warning C4244: 'initializing': conversion from 'double' to 'LONG', possible loss of data
     1>g:\github_repositories\asio-windows-app\hostsample_basic.cpp(399): warning C4552: '-': operator has no effect; expected operator with side-effect
         Generating Code...
       Link:
         C:\Program Files (x86)\Microsoft Visual Studio 14.0\VC\bin\link.exe /ERRORREPORT:PROMPT /OUT:"G:\GitHub_Repositories\ASIO-Windows-App\Debug\ASIO_APP.exe" /INCREMENTAL /NOLOGO odbc32.lib odbccp32.lib odbc32.lib odbccp32.lib kernel32.lib user32.lib gdi32.lib winspool.lib comdlg32.lib advapi32.lib shell32.lib ole32.lib oleaut32.lib uuid.lib odbc32.lib odbccp32.lib /MANIFEST /MANIFESTUAC:"level='asInvoker' uiAccess='false'" /manifest:embed /Debug /PDB:"G:\GitHub_Repositories\ASIO-Windows-App\Debug\ASIO_APP.pdb" /SUBSYSTEM:WINDOWS /TLBID:1 /DYNAMICBASE /NXCOMPAT /IMPLIB:"G:\GitHub_Repositories\ASIO-Windows-App\Debug\ASIO_APP.lib" /MACHINE:X86 Debug\hostsample_basic.obj
         Debug\asio.obj
         Debug\asiodrivers.obj
         Debug\asiolist.obj
         ASIO_APP.vcxproj -> G:\GitHub_Repositories\ASIO-Windows-App\Debug\ASIO_APP.exe
     1>Done Building Project "G:\GitHub_Repositories\ASIO-Windows-App\ASIO_APP\ASIO_APP.vcxproj" (Build target(s)).

Build succeeded.

Time Elapsed 00:00:05.22
